The system is: Windows - 10.0.22000 - AMD64
Compiling the C compiler identification source file "CMakeCCompilerId.c" succeeded.
Compiler: D:/Logiciel/Visual Studio/VC/Tools/MSVC/14.35.32215/bin/Hostx86/x86/cl.exe 
Build flags: 
Id flags:  

The output was:
0
Compilateur d'optimisation Microsoft (R) C/C++ version 19.35.32215 pour x86
Copyright (C) Microsoft Corporation. Tous droits réservés.

CMakeCCompilerId.c
Microsoft (R) Incremental Linker Version 14.35.32215.0
Copyright (C) Microsoft Corporation.  All rights reserved.

/out:CMakeCCompilerId.exe 
CMakeCCompilerId.obj 


Compilation of the C compiler identification source "CMakeCCompilerId.c" produced "CMakeCCompilerId.exe"

Compilation of the C compiler identification source "CMakeCCompilerId.c" produced "CMakeCCompilerId.obj"

The C compiler identification is MSVC, found in "D:/Cours/Moteur de jeu/Moteur_Jeu_CPP_TAY_NUNES_MARIE-MAGDELAINE/cmake-build-debug/CMakeFiles/3.24.2/CompilerIdC/CMakeCCompilerId.exe"

Compiling the CXX compiler identification source file "CMakeCXXCompilerId.cpp" succeeded.
Compiler: D:/Logiciel/Visual Studio/VC/Tools/MSVC/14.35.32215/bin/Hostx86/x86/cl.exe 
Build flags: 
Id flags:  

The output was:
0
Compilateur d'optimisation Microsoft (R) C/C++ version 19.35.32215 pour x86
Copyright (C) Microsoft Corporation. Tous droits réservés.

CMakeCXXCompilerId.cpp
Microsoft (R) Incremental Linker Version 14.35.32215.0
Copyright (C) Microsoft Corporation.  All rights reserved.

/out:CMakeCXXCompilerId.exe 
CMakeCXXCompilerId.obj 


Compilation of the CXX compiler identification source "CMakeCXXCompilerId.cpp" produced "CMakeCXXCompilerId.exe"

Compilation of the CXX compiler identification source "CMakeCXXCompilerId.cpp" produced "CMakeCXXCompilerId.obj"

The CXX compiler identification is MSVC, found in "D:/Cours/Moteur de jeu/Moteur_Jeu_CPP_TAY_NUNES_MARIE-MAGDELAINE/cmake-build-debug/CMakeFiles/3.24.2/CompilerIdCXX/CMakeCXXCompilerId.exe"

Detecting C compiler ABI info compiled with the following output:
Change Dir: D:/Cours/Moteur de jeu/Moteur_Jeu_CPP_TAY_NUNES_MARIE-MAGDELAINE/cmake-build-debug/CMakeFiles/CMakeTmp

Run Build Command(s):nmake -f Makefile /nologo cmTC_cdebf\fast && 	"D:\Logiciel\Visual Studio\VC\Tools\MSVC\14.35.32215\bin\HostX86\x86\nmake.exe"  -f CMakeFiles\cmTC_cdebf.dir\build.make /nologo -L                  CMakeFiles\cmTC_cdebf.dir\build
Building C object CMakeFiles/cmTC_cdebf.dir/CMakeCCompilerABI.c.obj
	C:\Users\kylli\AppData\Local\JetBrains\Toolbox\apps\CLion\ch-0\223.8836.42\bin\cmake\win\x64\bin\cmake.exe -E cmake_cl_compile_depends --dep-file=CMakeFiles\cmTC_cdebf.dir\CMakeCCompilerABI.c.obj.d --working-dir="D:\Cours\Moteur de jeu\Moteur_Jeu_CPP_TAY_NUNES_MARIE-MAGDELAINE\cmake-build-debug\CMakeFiles\CMakeTmp" --filter-prefix="Remarqueá: inclusion du fichierá:  " -- "D:\Logiciel\Visual Studio\VC\Tools\MSVC\14.35.32215\bin\Hostx86\x86\cl.exe" @C:\Users\kylli\AppData\Local\Temp\nm3B1D.tmp
CMakeCCompilerABI.c
Linking C executable cmTC_cdebf.exe
	C:\Users\kylli\AppData\Local\JetBrains\Toolbox\apps\CLion\ch-0\223.8836.42\bin\cmake\win\x64\bin\cmake.exe -E vs_link_exe --intdir=CMakeFiles\cmTC_cdebf.dir --rc=C:\PROGRA~2\WI3CF2~1\10\bin\100220~1.0\x86\rc.exe --mt=C:\PROGRA~2\WI3CF2~1\10\bin\100220~1.0\x86\mt.exe --manifests -- "D:\Logiciel\Visual Studio\VC\Tools\MSVC\14.35.32215\bin\Hostx86\x86\link.exe" /nologo @CMakeFiles\cmTC_cdebf.dir\objects1.rsp @C:\Users\kylli\AppData\Local\Temp\nm3B5D.tmp



Detecting CXX compiler ABI info compiled with the following output:
Change Dir: D:/Cours/Moteur de jeu/Moteur_Jeu_CPP_TAY_NUNES_MARIE-MAGDELAINE/cmake-build-debug/CMakeFiles/CMakeTmp

Run Build Command(s):nmake -f Makefile /nologo cmTC_1d7ba\fast && 	"D:\Logiciel\Visual Studio\VC\Tools\MSVC\14.35.32215\bin\HostX86\x86\nmake.exe"  -f CMakeFiles\cmTC_1d7ba.dir\build.make /nologo -L                  CMakeFiles\cmTC_1d7ba.dir\build
Building CXX object CMakeFiles/cmTC_1d7ba.dir/CMakeCXXCompilerABI.cpp.obj
	C:\Users\kylli\AppData\Local\JetBrains\Toolbox\apps\CLion\ch-0\223.8836.42\bin\cmake\win\x64\bin\cmake.exe -E cmake_cl_compile_depends --dep-file=CMakeFiles\cmTC_1d7ba.dir\CMakeCXXCompilerABI.cpp.obj.d --working-dir="D:\Cours\Moteur de jeu\Moteur_Jeu_CPP_TAY_NUNES_MARIE-MAGDELAINE\cmake-build-debug\CMakeFiles\CMakeTmp" --filter-prefix="Remarqueá: inclusion du fichierá:  " -- "D:\Logiciel\Visual Studio\VC\Tools\MSVC\14.35.32215\bin\Hostx86\x86\cl.exe" @C:\Users\kylli\AppData\Local\Temp\nm3FD0.tmp
CMakeCXXCompilerABI.cpp
Linking CXX executable cmTC_1d7ba.exe
	C:\Users\kylli\AppData\Local\JetBrains\Toolbox\apps\CLion\ch-0\223.8836.42\bin\cmake\win\x64\bin\cmake.exe -E vs_link_exe --intdir=CMakeFiles\cmTC_1d7ba.dir --rc=C:\PROGRA~2\WI3CF2~1\10\bin\100220~1.0\x86\rc.exe --mt=C:\PROGRA~2\WI3CF2~1\10\bin\100220~1.0\x86\mt.exe --manifests -- "D:\Logiciel\Visual Studio\VC\Tools\MSVC\14.35.32215\bin\Hostx86\x86\link.exe" /nologo @CMakeFiles\cmTC_1d7ba.dir\objects1.rsp @C:\Users\kylli\AppData\Local\Temp\nm4020.tmp



